{
  "RSpec": {
    "coverage": {
      "/Hareyaka/app/models/admin.rb": {
        "lines": [
          1,
          null,
          null,
          1,
          null,
          null
        ]
      },
      "/Hareyaka/app/models/application_record.rb": {
        "lines": [
          1,
          1,
          null
        ]
      },
      "/Hareyaka/app/models/company.rb": {
        "lines": [
          1,
          null,
          null,
          1,
          null,
          null,
          1,
          1,
          1,
          1,
          1,
          1,
          null,
          1,
          1,
          1,
          1,
          1,
          1,
          1,
          null,
          1,
          1,
          null,
          null,
          1,
          140,
          null,
          null,
          null,
          1,
          8,
          null,
          null,
          1,
          10,
          null,
          null
        ]
      },
      "/Hareyaka/app/models/user.rb": {
        "lines": [
          1,
          null,
          null,
          1,
          null,
          null,
          1,
          1,
          1,
          1,
          1,
          1,
          1,
          null,
          1,
          1,
          1,
          1,
          1,
          1,
          1,
          1,
          1,
          null,
          1,
          null,
          1,
          81,
          null,
          null,
          1,
          3,
          null,
          null
        ]
      },
      "/Hareyaka/app/helpers/admin/articles_helper.rb": {
        "lines": [
          1,
          null
        ]
      },
      "/Hareyaka/app/helpers/admin/companies_helper.rb": {
        "lines": [
          1,
          null
        ]
      },
      "/Hareyaka/app/helpers/admin/genres_helper.rb": {
        "lines": [
          1,
          null
        ]
      },
      "/Hareyaka/app/helpers/admin/notifications_helper.rb": {
        "lines": [
          1,
          null,
          1,
          23,
          null,
          null,
          null,
          null,
          null,
          null
        ]
      },
      "/Hareyaka/app/helpers/admin/users_helper.rb": {
        "lines": [
          1,
          null
        ]
      },
      "/Hareyaka/app/helpers/application_helper.rb": {
        "lines": [
          1,
          null,
          1,
          1,
          1,
          1,
          1,
          null,
          0,
          null,
          null,
          null
        ]
      },
      "/Hareyaka/app/helpers/corporate/articles_helper.rb": {
        "lines": [
          1,
          null
        ]
      },
      "/Hareyaka/app/helpers/corporate/companies_helper.rb": {
        "lines": [
          1,
          null
        ]
      },
      "/Hareyaka/app/helpers/corporate/company_messages_helper.rb": {
        "lines": [
          1,
          null
        ]
      },
      "/Hareyaka/app/helpers/corporate/notifications_helper.rb": {
        "lines": [
          1,
          1,
          94,
          null,
          null,
          null,
          null,
          null,
          null
        ]
      },
      "/Hareyaka/app/helpers/corporate/rooms_helper.rb": {
        "lines": [
          1,
          null
        ]
      },
      "/Hareyaka/app/helpers/home_helper.rb": {
        "lines": [
          1,
          null
        ]
      },
      "/Hareyaka/app/helpers/public/articles_helper.rb": {
        "lines": [
          1,
          null
        ]
      },
      "/Hareyaka/app/helpers/public/companies_helper.rb": {
        "lines": [
          1,
          null
        ]
      },
      "/Hareyaka/app/helpers/public/favorites_helper.rb": {
        "lines": [
          1,
          null
        ]
      },
      "/Hareyaka/app/helpers/public/notifications_helper.rb": {
        "lines": [
          1,
          1,
          72,
          null,
          null,
          null,
          null,
          null,
          null
        ]
      },
      "/Hareyaka/app/helpers/public/rooms_helper.rb": {
        "lines": [
          1,
          null
        ]
      },
      "/Hareyaka/app/helpers/public/user_messages_helper.rb": {
        "lines": [
          1,
          null
        ]
      },
      "/Hareyaka/app/helpers/public/users_helper.rb": {
        "lines": [
          1,
          null
        ]
      },
      "/Hareyaka/app/helpers/relationships_helper.rb": {
        "lines": [
          1,
          null
        ]
      },
      "/Hareyaka/app/models/article.rb": {
        "lines": [
          1,
          1,
          1,
          1,
          null,
          1,
          1,
          null,
          1,
          null,
          null,
          1,
          461,
          null,
          null,
          1,
          0,
          null,
          null
        ]
      },
      "/Hareyaka/app/models/genre.rb": {
        "lines": [
          1,
          1,
          1,
          null
        ]
      },
      "/Hareyaka/app/models/message.rb": {
        "lines": [
          1,
          1,
          1,
          1,
          null,
          1,
          null
        ]
      },
      "/Hareyaka/app/controllers/public/sessions_controller.rb": {
        "lines": [
          null,
          null,
          1,
          null,
          1,
          null,
          null,
          null,
          null,
          null,
          null,
          null,
          null,
          null,
          null,
          null,
          null,
          null,
          null,
          null,
          null,
          null,
          null,
          null,
          null,
          null,
          null,
          null,
          null,
          1,
          0,
          0,
          0,
          null,
          null,
          1,
          26,
          null,
          null,
          1,
          0,
          null,
          null,
          1,
          27,
          27,
          26,
          0,
          0,
          null,
          null,
          null,
          null,
          null
        ]
      },
      "/Hareyaka/app/controllers/application_controller.rb": {
        "lines": [
          1,
          1,
          1,
          null,
          375,
          null,
          375,
          0,
          null,
          null,
          null
        ]
      },
      "/Hareyaka/app/controllers/public/articles_controller.rb": {
        "lines": [
          1,
          1,
          1,
          1,
          null,
          1,
          null,
          null,
          1,
          0,
          null,
          null,
          1,
          null,
          0,
          null,
          null,
          null,
          0,
          null,
          0,
          null,
          null,
          1,
          1,
          28,
          null,
          0,
          null,
          null,
          null,
          28,
          null,
          null,
          28,
          null,
          null,
          1,
          null,
          28,
          28,
          28,
          null,
          null
        ]
      },
      "/Hareyaka/app/models/favorite.rb": {
        "lines": [
          1,
          1,
          1,
          null
        ]
      },
      "/Hareyaka/app/models/notification.rb": {
        "lines": [
          1,
          1,
          null,
          null,
          236,
          null,
          null,
          1,
          5,
          3,
          null,
          2,
          null,
          null,
          null,
          null,
          1,
          3,
          null,
          null,
          null,
          1,
          0,
          null,
          null
        ]
      },
      "/Hareyaka/app/controllers/public/users_controller.rb": {
        "lines": [
          1,
          1,
          1,
          null,
          1,
          null,
          null,
          1,
          null,
          null,
          1,
          2,
          1,
          null,
          1,
          null,
          null,
          null,
          1,
          null,
          null,
          1,
          0,
          0,
          0,
          null,
          null,
          1,
          0,
          null,
          0,
          null,
          null,
          1,
          1,
          18,
          null,
          null,
          1,
          2,
          null,
          null
        ]
      },
      "/Hareyaka/app/models/relationship.rb": {
        "lines": [
          1,
          1,
          1,
          null
        ]
      },
      "/Hareyaka/app/controllers/public/registrations_controller.rb": {
        "lines": [
          null,
          null,
          1,
          1,
          null,
          null,
          null,
          null,
          null,
          null,
          null,
          null,
          null,
          null,
          null,
          null,
          null,
          null,
          null,
          null,
          null,
          null,
          null,
          null,
          null,
          null,
          null,
          null,
          null,
          null,
          null,
          null,
          null,
          null,
          null,
          null,
          null,
          null,
          null,
          null,
          null,
          null,
          null,
          1,
          2,
          null,
          null,
          null,
          null,
          null,
          null,
          null,
          1,
          1,
          null,
          null,
          1,
          0,
          null,
          null,
          null,
          null,
          null,
          null,
          null
        ]
      },
      "/Hareyaka/app/controllers/corporate/sessions_controller.rb": {
        "lines": [
          null,
          null,
          1,
          1,
          1,
          null,
          null,
          null,
          null,
          null,
          null,
          null,
          null,
          null,
          null,
          null,
          null,
          null,
          null,
          null,
          null,
          null,
          null,
          null,
          null,
          null,
          null,
          null,
          null,
          1,
          0,
          0,
          0,
          null,
          null,
          null,
          1,
          41,
          null,
          null,
          null,
          1,
          0,
          null,
          null,
          null,
          1,
          43,
          43,
          42,
          1,
          1,
          null,
          null,
          null,
          null,
          null,
          1,
          42,
          42,
          41,
          0,
          0,
          null,
          null,
          null,
          null
        ]
      },
      "/Hareyaka/app/controllers/corporate/articles_controller.rb": {
        "lines": [
          1,
          1,
          1,
          null,
          1,
          41,
          41,
          null,
          null,
          1,
          9,
          null,
          null,
          1,
          2,
          2,
          2,
          1,
          null,
          1,
          null,
          null,
          null,
          1,
          null,
          null,
          1,
          null,
          null,
          1,
          2,
          1,
          null,
          1,
          null,
          null,
          null,
          1,
          0,
          0,
          null,
          null,
          1,
          1,
          15,
          null,
          null,
          1,
          4,
          null,
          null,
          null
        ]
      },
      "/Hareyaka/app/controllers/corporate/companies_controller.rb": {
        "lines": [
          1,
          1,
          1,
          null,
          1,
          2,
          null,
          2,
          2,
          2,
          null,
          null,
          1,
          null,
          null,
          1,
          2,
          1,
          null,
          1,
          null,
          null,
          null,
          1,
          null,
          null,
          1,
          0,
          0,
          0,
          null,
          null,
          1,
          0,
          null,
          0,
          0,
          null,
          null,
          0,
          0,
          0,
          0,
          0,
          null,
          null,
          null,
          null,
          1,
          1,
          17,
          null,
          null,
          1,
          2,
          null,
          null
        ]
      },
      "/Hareyaka/app/controllers/corporate/registrations_controller.rb": {
        "lines": [
          null,
          null,
          1,
          1,
          null,
          null,
          null,
          null,
          null,
          null,
          null,
          null,
          1,
          9,
          9,
          8,
          null,
          null,
          null,
          null,
          null,
          8,
          8,
          null,
          null,
          null,
          null,
          null,
          8,
          null,
          null,
          null,
          null,
          null,
          null,
          null,
          null,
          null,
          null,
          null,
          null,
          null,
          null,
          null,
          null,
          null,
          null,
          null,
          null,
          null,
          null,
          null,
          null,
          null,
          null,
          null,
          null,
          null,
          null,
          1,
          9,
          null,
          null,
          null,
          null,
          null,
          null,
          null,
          null,
          null,
          null,
          null,
          1,
          0,
          null,
          null,
          null,
          null,
          null,
          null,
          null
        ]
      },
      "/Hareyaka/app/controllers/home_controller.rb": {
        "lines": [
          1,
          1,
          null,
          null,
          1,
          null,
          null,
          1,
          null,
          null
        ]
      },
      "/Hareyaka/app/controllers/admin/companies_controller.rb": {
        "lines": [
          1,
          1,
          1,
          null,
          1,
          0,
          0,
          0,
          null,
          null,
          1,
          4,
          null,
          4,
          4,
          4,
          null,
          null,
          1,
          null,
          null,
          1,
          3,
          null,
          3,
          null,
          null,
          null,
          null,
          null,
          3,
          3,
          null,
          3,
          null,
          0,
          null,
          null,
          null,
          1,
          1,
          11,
          null,
          null,
          1,
          3,
          null,
          null
        ]
      },
      "/Hareyaka/app/mailers/approval_mailer.rb": {
        "lines": [
          1,
          null,
          1,
          3,
          3,
          0,
          null,
          3,
          null,
          3,
          null,
          null,
          null
        ]
      },
      "/Hareyaka/app/mailers/application_mailer.rb": {
        "lines": [
          1,
          1,
          1,
          null
        ]
      },
      "/Hareyaka/app/controllers/admin/sessions_controller.rb": {
        "lines": [
          null,
          null,
          1,
          null,
          null,
          null,
          null,
          null,
          null,
          null,
          null,
          null,
          null,
          null,
          null,
          null,
          null,
          null,
          null,
          null,
          null,
          null,
          null,
          null,
          null,
          null,
          null,
          null,
          1,
          0,
          0,
          0,
          null,
          null,
          null,
          1,
          4,
          null,
          null,
          null,
          1,
          2,
          null,
          null
        ]
      },
      "/Hareyaka/app/controllers/admin/articles_controller.rb": {
        "lines": [
          1,
          1,
          1,
          null,
          1,
          4,
          4,
          null,
          null,
          1,
          null,
          null,
          1,
          null,
          null,
          1,
          0,
          0,
          null,
          0,
          null,
          null,
          null,
          1,
          0,
          0,
          null,
          null,
          1,
          1,
          0,
          null,
          null,
          1,
          0,
          null,
          null
        ]
      },
      "/Hareyaka/app/controllers/admin/notifications_controller.rb": {
        "lines": [
          1,
          1,
          null,
          1,
          null,
          null,
          null,
          null,
          null,
          null,
          1,
          null,
          null,
          null,
          null,
          null,
          0,
          0,
          null,
          null
        ]
      },
      "/Hareyaka/app/models/room.rb": {
        "lines": [
          1,
          1,
          1,
          1,
          1,
          null
        ]
      },
      "/Hareyaka/app/controllers/public/companies_controller.rb": {
        "lines": [
          1,
          1,
          1,
          null,
          1,
          null,
          2,
          null,
          null,
          1,
          8,
          8,
          null,
          8,
          8,
          8,
          null,
          null,
          8,
          8,
          8,
          0,
          0,
          0,
          0,
          null,
          null,
          null,
          8,
          8,
          null,
          null,
          null,
          1,
          1,
          2,
          null,
          0,
          null,
          null,
          null,
          2,
          null,
          null,
          2,
          null,
          null,
          null
        ]
      },
      "/Hareyaka/app/controllers/public/rooms_controller.rb": {
        "lines": [
          1,
          1,
          null,
          1,
          1,
          null,
          null,
          null,
          1,
          7,
          7,
          7,
          null,
          0,
          null,
          null,
          null,
          1,
          13,
          13,
          null,
          null,
          null,
          null,
          null,
          null,
          13,
          13,
          13,
          null,
          0,
          null,
          null,
          null,
          1,
          7,
          null,
          null
        ]
      },
      "/Hareyaka/app/controllers/public/messages_controller.rb": {
        "lines": [
          1,
          1,
          null,
          1,
          6,
          6,
          null,
          null,
          null,
          null,
          6,
          6,
          null,
          null,
          null,
          null,
          null,
          null,
          6,
          null,
          null,
          0,
          null,
          6,
          null,
          null
        ]
      },
      "/Hareyaka/app/controllers/corporate/notifications_controller.rb": {
        "lines": [
          1,
          1,
          null,
          1,
          null,
          3,
          null,
          null,
          null,
          null,
          null,
          null,
          1,
          null,
          null,
          null,
          null,
          null,
          0,
          0,
          null,
          null
        ]
      },
      "/Hareyaka/app/controllers/corporate/rooms_controller.rb": {
        "lines": [
          1,
          1,
          null,
          1,
          0,
          null,
          null,
          1,
          3,
          3,
          null,
          null,
          null,
          null,
          null,
          null,
          3,
          3,
          3,
          null,
          0,
          null,
          null,
          null
        ]
      },
      "/Hareyaka/app/controllers/corporate/messages_controller.rb": {
        "lines": [
          1,
          1,
          null,
          1,
          1,
          1,
          null,
          null,
          null,
          null,
          1,
          1,
          null,
          null,
          null,
          null,
          null,
          null,
          1,
          null,
          null,
          0,
          null,
          1,
          null,
          null
        ]
      },
      "/Hareyaka/app/channels/application_cable/channel.rb": {
        "lines": [
          0,
          0,
          0,
          0
        ],
        "branches": {
        }
      },
      "/Hareyaka/app/channels/application_cable/connection.rb": {
        "lines": [
          0,
          0,
          0,
          0
        ],
        "branches": {
        }
      },
      "/Hareyaka/app/controllers/admin/confirmations_controller.rb": {
        "lines": [
          null,
          null,
          0,
          null,
          null,
          null,
          null,
          null,
          null,
          null,
          null,
          null,
          null,
          null,
          null,
          null,
          null,
          null,
          null,
          null,
          null,
          null,
          null,
          null,
          null,
          null,
          null,
          null,
          null,
          0
        ],
        "branches": {
        }
      },
      "/Hareyaka/app/controllers/admin/genres_controller.rb": {
        "lines": [
          0,
          0,
          0,
          null,
          0,
          0,
          0,
          0,
          null,
          0,
          0,
          0,
          0,
          0,
          0,
          0,
          0,
          0,
          null,
          0,
          0,
          null,
          0,
          0,
          0,
          0,
          0,
          0,
          0,
          null,
          0,
          0,
          0,
          0,
          0,
          0,
          0,
          0,
          null,
          0,
          0,
          0,
          0
        ],
        "branches": {
        }
      },
      "/Hareyaka/app/controllers/admin/omniauth_callbacks_controller.rb": {
        "lines": [
          null,
          null,
          0,
          null,
          null,
          null,
          null,
          null,
          null,
          null,
          null,
          null,
          null,
          null,
          null,
          null,
          null,
          null,
          null,
          null,
          null,
          null,
          null,
          null,
          null,
          null,
          null,
          null,
          null,
          0
        ],
        "branches": {
        }
      },
      "/Hareyaka/app/controllers/admin/passwords_controller.rb": {
        "lines": [
          null,
          null,
          0,
          null,
          null,
          null,
          null,
          null,
          null,
          null,
          null,
          null,
          null,
          null,
          null,
          null,
          null,
          null,
          null,
          null,
          null,
          null,
          null,
          null,
          null,
          null,
          null,
          null,
          null,
          null,
          null,
          null,
          null,
          0
        ],
        "branches": {
        }
      },
      "/Hareyaka/app/controllers/admin/registrations_controller.rb": {
        "lines": [
          null,
          null,
          0,
          null,
          null,
          null,
          null,
          null,
          null,
          null,
          null,
          null,
          null,
          null,
          null,
          null,
          null,
          null,
          null,
          null,
          null,
          null,
          null,
          null,
          null,
          null,
          null,
          null,
          null,
          null,
          null,
          null,
          null,
          null,
          null,
          null,
          null,
          null,
          null,
          null,
          null,
          null,
          null,
          null,
          null,
          null,
          null,
          null,
          null,
          null,
          null,
          null,
          null,
          null,
          null,
          null,
          null,
          null,
          null,
          null,
          null,
          0
        ],
        "branches": {
        }
      },
      "/Hareyaka/app/controllers/admin/unlocks_controller.rb": {
        "lines": [
          null,
          null,
          0,
          null,
          null,
          null,
          null,
          null,
          null,
          null,
          null,
          null,
          null,
          null,
          null,
          null,
          null,
          null,
          null,
          null,
          null,
          null,
          null,
          null,
          null,
          null,
          null,
          null,
          null,
          0
        ],
        "branches": {
        }
      },
      "/Hareyaka/app/controllers/admin/users_controller.rb": {
        "lines": [
          0,
          0,
          0,
          null,
          0,
          0,
          0,
          0,
          0,
          null,
          0,
          0,
          null,
          0,
          0,
          null,
          0,
          0,
          0,
          0,
          0,
          0,
          0,
          null,
          0,
          0,
          0,
          0,
          null,
          0,
          0,
          0,
          0
        ],
        "branches": {
        }
      },
      "/Hareyaka/app/controllers/corporate/confirmations_controller.rb": {
        "lines": [
          null,
          null,
          0,
          null,
          null,
          null,
          null,
          null,
          null,
          null,
          null,
          null,
          null,
          null,
          null,
          null,
          null,
          null,
          null,
          null,
          null,
          null,
          null,
          null,
          null,
          null,
          null,
          null,
          null,
          0
        ],
        "branches": {
        }
      },
      "/Hareyaka/app/controllers/corporate/omniauth_callbacks_controller.rb": {
        "lines": [
          null,
          null,
          0,
          null,
          null,
          null,
          null,
          null,
          null,
          null,
          null,
          null,
          null,
          null,
          null,
          null,
          null,
          null,
          null,
          null,
          null,
          null,
          null,
          null,
          null,
          null,
          null,
          null,
          null,
          0
        ],
        "branches": {
        }
      },
      "/Hareyaka/app/controllers/corporate/passwords_controller.rb": {
        "lines": [
          null,
          null,
          0,
          null,
          null,
          null,
          null,
          null,
          null,
          null,
          null,
          null,
          null,
          null,
          null,
          null,
          null,
          null,
          null,
          null,
          null,
          null,
          null,
          null,
          null,
          null,
          null,
          null,
          null,
          null,
          null,
          null,
          null,
          0
        ],
        "branches": {
        }
      },
      "/Hareyaka/app/controllers/corporate/unlocks_controller.rb": {
        "lines": [
          null,
          null,
          0,
          null,
          null,
          null,
          null,
          null,
          null,
          null,
          null,
          null,
          null,
          null,
          null,
          null,
          null,
          null,
          null,
          null,
          null,
          null,
          null,
          null,
          null,
          null,
          null,
          null,
          null,
          0
        ],
        "branches": {
        }
      },
      "/Hareyaka/app/controllers/public/confirmations_controller.rb": {
        "lines": [
          null,
          null,
          0,
          null,
          null,
          null,
          null,
          null,
          null,
          null,
          null,
          null,
          null,
          null,
          null,
          null,
          null,
          null,
          null,
          null,
          null,
          null,
          null,
          null,
          null,
          null,
          null,
          null,
          null,
          0
        ],
        "branches": {
        }
      },
      "/Hareyaka/app/controllers/public/favorites_controller.rb": {
        "lines": [
          0,
          0,
          null,
          0,
          0,
          0,
          0,
          0,
          null,
          0,
          0,
          0,
          0,
          0,
          0
        ],
        "branches": {
        }
      },
      "/Hareyaka/app/controllers/public/notifications_controller.rb": {
        "lines": [
          0,
          0,
          null,
          0,
          null,
          0,
          0,
          0,
          0,
          0,
          0,
          null,
          0,
          null,
          0,
          0,
          0,
          0,
          0,
          0,
          0,
          0
        ],
        "branches": {
        }
      },
      "/Hareyaka/app/controllers/public/omniauth_callbacks_controller.rb": {
        "lines": [
          null,
          null,
          0,
          null,
          null,
          null,
          null,
          null,
          null,
          null,
          null,
          null,
          null,
          null,
          null,
          null,
          null,
          null,
          null,
          null,
          null,
          null,
          null,
          null,
          null,
          null,
          null,
          null,
          null,
          0
        ],
        "branches": {
        }
      },
      "/Hareyaka/app/controllers/public/passwords_controller.rb": {
        "lines": [
          null,
          null,
          0,
          null,
          null,
          null,
          null,
          null,
          null,
          null,
          null,
          null,
          null,
          null,
          null,
          null,
          null,
          null,
          null,
          null,
          null,
          null,
          null,
          null,
          null,
          null,
          null,
          null,
          null,
          null,
          null,
          null,
          null,
          0
        ],
        "branches": {
        }
      },
      "/Hareyaka/app/controllers/public/relationships_controller.rb": {
        "lines": [
          0,
          0,
          null,
          0,
          0,
          0,
          0,
          0,
          null,
          0,
          0,
          0,
          0,
          0,
          0
        ],
        "branches": {
        }
      },
      "/Hareyaka/app/controllers/public/unlocks_controller.rb": {
        "lines": [
          null,
          null,
          0,
          null,
          null,
          null,
          null,
          null,
          null,
          null,
          null,
          null,
          null,
          null,
          null,
          null,
          null,
          null,
          null,
          null,
          null,
          null,
          null,
          null,
          null,
          null,
          null,
          null,
          null,
          0
        ],
        "branches": {
        }
      },
      "/Hareyaka/app/jobs/application_job.rb": {
        "lines": [
          0,
          0
        ],
        "branches": {
        }
      }
    },
    "timestamp": 1604916233
  }
}
